<?xml version="1.0" encoding="UTF-8"?>
<!-- Generated by org.testng.reporters.JUnitXMLReporter -->
<testsuite hostname="PC-13" name="Testing Parameterization" tests="1" failures="1" timestamp="15 Jan 2015 09:21:51 GMT" time="28.659" errors="0">
  <testcase name="calculateSum" time="11.227" classname="testng.parameter.dependency.suit.test.ParameterizeTest">
    <failure type="java.lang.AssertionError" message="19 expected [true] but found [false]">
      <![CDATA[java.lang.AssertionError: 19 expected [true] but found [false]
	at testng.parameter.dependency.suit.test.ParameterizeTest.calculateSum(ParameterizeTest.java:50)
... Removed 27 stack frames]]>
    </failure>
  </testcase> <!-- calculateSum -->
</testsuite> <!-- Testing Parameterization -->
